{
  "RSpec": {
    "coverage": {
      "/Users/sabinashrestha/Desktop/ruby-ex./trollo/config/environment.rb": [
        null,
        1,
        null,
        null,
        1
      ],
      "/Users/sabinashrestha/Desktop/ruby-ex./trollo/config/application.rb": [
        1,
        null,
        1,
        null,
        1,
        1,
        1,
        1,
        1,
        1,
        1,
        1,
        1,
        null,
        null,
        null,
        null,
        1,
        null,
        1,
        1,
        null,
        1,
        null,
        null,
        null,
        null,
        null,
        null,
        null,
        1,
        null,
        null
      ],
      "/Users/sabinashrestha/Desktop/ruby-ex./trollo/config/boot.rb": [
        1,
        null,
        1,
        1
      ],
      "/Users/sabinashrestha/Desktop/ruby-ex./trollo/config/environments/test.rb": [
        1,
        null,
        null,
        null,
        null,
        null,
        null,
        1,
        null,
        null,
        null,
        null,
        1,
        null,
        null,
        1,
        1,
        null,
        null,
        null,
        null,
        1,
        1,
        null,
        null,
        1,
        null,
        null,
        1,
        null,
        null,
        1,
        null,
        1,
        null,
        null,
        null,
        null,
        1,
        null,
        null,
        1,
        null,
        null,
        null,
        null
      ],
      "/Users/sabinashrestha/Desktop/ruby-ex./trollo/config/initializers/application_controller_renderer.rb": [
        null,
        null,
        null,
        null,
        null,
        null,
        null,
        null
      ],
      "/Users/sabinashrestha/Desktop/ruby-ex./trollo/config/initializers/assets.rb": [
        null,
        null,
        null,
        1,
        null,
        null,
        null,
        null,
        1,
        null,
        null,
        null,
        null,
        null
      ],
      "/Users/sabinashrestha/Desktop/ruby-ex./trollo/config/initializers/backtrace_silencers.rb": [
        null,
        null,
        null,
        null,
        null,
        null,
        null
      ],
      "/Users/sabinashrestha/Desktop/ruby-ex./trollo/config/initializers/content_security_policy.rb": [
        null,
        null,
        null,
        null,
        null,
        null,
        null,
        null,
        null,
        null,
        null,
        null,
        null,
        null,
        null,
        null,
        null,
        null,
        null,
        null,
        null,
        null,
        null,
        null,
        null
      ],
      "/Users/sabinashrestha/Desktop/ruby-ex./trollo/config/initializers/cookies_serializer.rb": [
        null,
        null,
        null,
        null,
        1
      ],
      "/Users/sabinashrestha/Desktop/ruby-ex./trollo/config/initializers/devise.rb": [
        null,
        null,
        null,
        null,
        1,
        null,
        null,
        null,
        null,
        null,
        null,
        null,
        null,
        null,
        null,
        null,
        null,
        null,
        null,
        null,
        1,
        null,
        null,
        null,
        null,
        null,
        null,
        null,
        null,
        null,
        null,
        null,
        1,
        null,
        null,
        null,
        null,
        null,
        null,
        null,
        null,
        null,
        null,
        null,
        null,
        null,
        null,
        null,
        null,
        null,
        null,
        null,
        null,
        null,
        1,
        null,
        null,
        null,
        null,
        1,
        null,
        null,
        null,
        null,
        null,
        null,
        null,
        null,
        null,
        null,
        null,
        null,
        null,
        null,
        null,
        null,
        null,
        null,
        null,
        null,
        null,
        null,
        null,
        null,
        null,
        null,
        null,
        null,
        null,
        null,
        1,
        null,
        null,
        null,
        null,
        null,
        null,
        null,
        null,
        null,
        null,
        null,
        null,
        null,
        null,
        null,
        null,
        null,
        null,
        null,
        null,
        null,
        null,
        1,
        null,
        null,
        null,
        null,
        null,
        null,
        null,
        null,
        null,
        null,
        null,
        null,
        null,
        null,
        null,
        null,
        null,
        null,
        null,
        null,
        null,
        null,
        null,
        null,
        null,
        null,
        null,
        null,
        null,
        null,
        1,
        null,
        null,
        null,
        null,
        null,
        null,
        null,
        null,
        null,
        1,
        null,
        null,
        null,
        null,
        null,
        null,
        null,
        null,
        null,
        null,
        1,
        null,
        null,
        null,
        null,
        1,
        null,
        null,
        null,
        null,
        null,
        null,
        null,
        null,
        null,
        null,
        null,
        null,
        null,
        null,
        null,
        null,
        null,
        null,
        null,
        null,
        null,
        null,
        null,
        null,
        null,
        null,
        null,
        null,
        null,
        null,
        null,
        null,
        null,
        null,
        null,
        null,
        null,
        null,
        null,
        null,
        1,
        null,
        null,
        null,
        null,
        null,
        null,
        null,
        null,
        null,
        null,
        null,
        null,
        null,
        null,
        null,
        null,
        null,
        null,
        null,
        null,
        null,
        null,
        null,
        null,
        null,
        null,
        null,
        null,
        null,
        null,
        null,
        null,
        null,
        null,
        null,
        null,
        null,
        null,
        null,
        null,
        null,
        1,
        null,
        null,
        null,
        null,
        null,
        null,
        null,
        null,
        null,
        null,
        null,
        null,
        null,
        null,
        null,
        null,
        null,
        null,
        null,
        null,
        null,
        null,
        null,
        null,
        null,
        null,
        null,
        null,
        null
      ],
      "/Users/sabinashrestha/Desktop/ruby-ex./trollo/config/initializers/filter_parameter_logging.rb": [
        null,
        null,
        null,
        1
      ],
      "/Users/sabinashrestha/Desktop/ruby-ex./trollo/config/initializers/inflections.rb": [
        null,
        null,
        null,
        null,
        null,
        null,
        null,
        null,
        null,
        null,
        null,
        null,
        null,
        null,
        null,
        null
      ],
      "/Users/sabinashrestha/Desktop/ruby-ex./trollo/config/initializers/mime_types.rb": [
        null,
        null,
        null,
        null
      ],
      "/Users/sabinashrestha/Desktop/ruby-ex./trollo/config/initializers/wrap_parameters.rb": [
        null,
        null,
        null,
        null,
        null,
        null,
        1,
        2,
        null,
        null,
        null,
        null,
        null,
        null
      ],
      "/Users/sabinashrestha/Desktop/ruby-ex./trollo/spec/factories/boards.rb": [
        1,
        1,
        1,
        null,
        null
      ],
      "/Users/sabinashrestha/Desktop/ruby-ex./trollo/spec/factories/lists.rb": [
        1,
        1,
        1,
        1,
        1,
        null,
        null
      ],
      "/Users/sabinashrestha/Desktop/ruby-ex./trollo/spec/factories/tasks.rb": [
        1,
        1,
        1,
        1,
        1,
        1,
        null,
        null
      ],
      "/Users/sabinashrestha/Desktop/ruby-ex./trollo/spec/factories/users.rb": [
        1,
        1,
        null,
        null,
        null
      ],
      "/Users/sabinashrestha/Desktop/ruby-ex./trollo/config/routes.rb": [
        1,
        null,
        1,
        null,
        1,
        null,
        null,
        1,
        1,
        null,
        null,
        1,
        1,
        1,
        1,
        null,
        null,
        1,
        1,
        null,
        null
      ],
      "/Users/sabinashrestha/Desktop/ruby-ex./trollo/app/models/user.rb": [
        1,
        null,
        null,
        1,
        null,
        null,
        1,
        1,
        1,
        null,
        null
      ],
      "/Users/sabinashrestha/Desktop/ruby-ex./trollo/app/models/application_record.rb": [
        1,
        1,
        null,
        null
      ],
      "/Users/sabinashrestha/Desktop/ruby-ex./trollo/app/helpers/application_helper.rb": [
        1,
        null
      ],
      "/Users/sabinashrestha/Desktop/ruby-ex./trollo/app/helpers/boards_helper.rb": [
        1,
        null
      ],
      "/Users/sabinashrestha/Desktop/ruby-ex./trollo/app/helpers/lists_helper.rb": [
        1,
        null
      ],
      "/Users/sabinashrestha/Desktop/ruby-ex./trollo/app/helpers/tasks_helper.rb": [
        1,
        null
      ],
      "/Users/sabinashrestha/Desktop/ruby-ex./trollo/spec/support/controller_macros.rb": [
        1,
        null,
        1,
        1,
        10,
        10,
        10,
        null,
        null,
        null,
        null
      ],
      "/Users/sabinashrestha/Desktop/ruby-ex./trollo/app/controllers/boards_controller.rb": [
        1,
        1,
        null,
        1,
        1,
        null,
        null,
        1,
        1,
        null,
        null,
        1,
        5,
        5,
        2,
        null,
        3,
        null,
        null,
        null,
        1,
        null,
        null,
        1,
        1,
        1,
        null,
        0,
        null,
        null,
        null,
        1,
        1,
        null,
        null,
        1,
        0,
        0,
        null,
        null,
        null,
        1,
        1,
        6,
        null,
        null,
        1,
        3,
        null,
        null
      ],
      "/Users/sabinashrestha/Desktop/ruby-ex./trollo/app/controllers/application_controller.rb": [
        1,
        1,
        1,
        1,
        null,
        null,
        1,
        1,
        0,
        null,
        null
      ],
      "/Users/sabinashrestha/Desktop/ruby-ex./trollo/app/models/board.rb": [
        1,
        1,
        1,
        null,
        null
      ],
      "/Users/sabinashrestha/Desktop/ruby-ex./trollo/app/models/list.rb": [
        1,
        1,
        1,
        null,
        1,
        null,
        null
      ]
    },
    "timestamp": 1528351840
  }
}
